mode: set
restaurant-api/internal/router/router.go:19.15,22.40 2 0
restaurant-api/internal/router/router.go:22.40,24.3 1 0
restaurant-api/internal/router/router.go:26.2,38.2 11 0
restaurant-api/internal/router/router.go:38.2,56.3 13 0
restaurant-api/internal/router/router.go:58.2,58.10 1 0
restaurant-api/internal/handlers/auth_handler.go:19.84,24.2 1 0
restaurant-api/internal/handlers/auth_handler.go:34.48,36.47 2 0
restaurant-api/internal/handlers/auth_handler.go:36.47,39.3 2 0
restaurant-api/internal/handlers/auth_handler.go:41.2,42.16 2 0
restaurant-api/internal/handlers/auth_handler.go:42.16,45.3 2 0
restaurant-api/internal/handlers/auth_handler.go:46.2,46.21 1 0
restaurant-api/internal/handlers/auth_handler.go:46.21,49.3 2 0
restaurant-api/internal/handlers/auth_handler.go:51.2,52.16 2 0
restaurant-api/internal/handlers/auth_handler.go:52.16,55.3 2 0
restaurant-api/internal/handlers/auth_handler.go:57.2,64.48 2 0
restaurant-api/internal/handlers/auth_handler.go:64.48,67.3 2 0
restaurant-api/internal/handlers/auth_handler.go:69.2,70.16 2 0
restaurant-api/internal/handlers/auth_handler.go:70.16,73.3 2 0
restaurant-api/internal/handlers/auth_handler.go:75.2,78.4 1 0
restaurant-api/internal/handlers/auth_handler.go:89.45,91.47 2 0
restaurant-api/internal/handlers/auth_handler.go:91.47,94.3 2 0
restaurant-api/internal/handlers/auth_handler.go:96.2,97.16 2 0
restaurant-api/internal/handlers/auth_handler.go:97.16,100.3 2 0
restaurant-api/internal/handlers/auth_handler.go:101.2,101.17 1 0
restaurant-api/internal/handlers/auth_handler.go:101.17,104.3 2 0
restaurant-api/internal/handlers/auth_handler.go:106.2,106.99 1 0
restaurant-api/internal/handlers/auth_handler.go:106.99,109.3 2 0
restaurant-api/internal/handlers/auth_handler.go:111.2,112.16 2 0
restaurant-api/internal/handlers/auth_handler.go:112.16,115.3 2 0
restaurant-api/internal/handlers/auth_handler.go:117.2,120.4 1 0
restaurant-api/internal/handlers/auth_handler.go:130.42,132.19 2 0
restaurant-api/internal/handlers/auth_handler.go:132.19,135.3 2 0
restaurant-api/internal/handlers/auth_handler.go:137.2,138.31 2 0
restaurant-api/internal/handlers/auth_handler.go:138.31,141.3 2 0
restaurant-api/internal/handlers/auth_handler.go:143.2,143.29 1 0
restaurant-api/internal/handlers/menu_handler.go:16.96,21.2 1 0
restaurant-api/internal/handlers/menu_handler.go:32.46,34.47 2 0
restaurant-api/internal/handlers/menu_handler.go:34.47,37.3 2 0
restaurant-api/internal/handlers/menu_handler.go:39.2,40.16 2 0
restaurant-api/internal/handlers/menu_handler.go:40.16,43.3 2 0
restaurant-api/internal/handlers/menu_handler.go:44.2,44.17 1 0
restaurant-api/internal/handlers/menu_handler.go:44.17,47.3 2 0
restaurant-api/internal/handlers/menu_handler.go:49.2,55.33 2 0
restaurant-api/internal/handlers/menu_handler.go:55.33,62.3 1 0
restaurant-api/internal/handlers/menu_handler.go:64.2,64.48 1 0
restaurant-api/internal/handlers/menu_handler.go:64.48,67.3 2 0
restaurant-api/internal/handlers/menu_handler.go:69.2,69.34 1 0
restaurant-api/internal/handlers/menu_handler.go:80.43,82.16 2 0
restaurant-api/internal/handlers/menu_handler.go:82.16,85.3 2 0
restaurant-api/internal/handlers/menu_handler.go:86.2,86.17 1 0
restaurant-api/internal/handlers/menu_handler.go:86.17,89.3 2 0
restaurant-api/internal/handlers/menu_handler.go:91.2,91.29 1 0
restaurant-api/internal/handlers/menu_handler.go:104.46,106.47 2 0
restaurant-api/internal/handlers/menu_handler.go:106.47,109.3 2 0
restaurant-api/internal/handlers/menu_handler.go:111.2,112.16 2 0
restaurant-api/internal/handlers/menu_handler.go:112.16,115.3 2 0
restaurant-api/internal/handlers/menu_handler.go:116.2,116.17 1 0
restaurant-api/internal/handlers/menu_handler.go:116.17,119.3 2 0
restaurant-api/internal/handlers/menu_handler.go:121.2,121.29 1 0
restaurant-api/internal/handlers/menu_handler.go:131.46,132.57 1 0
restaurant-api/internal/handlers/menu_handler.go:132.57,135.3 2 0
restaurant-api/internal/handlers/menu_handler.go:137.2,137.32 1 0
restaurant-api/internal/handlers/reservation_order_handler.go:17.113,22.2 1 0
restaurant-api/internal/handlers/reservation_order_handler.go:33.53,35.47 2 0
restaurant-api/internal/handlers/reservation_order_handler.go:35.47,38.3 2 0
restaurant-api/internal/handlers/reservation_order_handler.go:40.2,41.31 2 0
restaurant-api/internal/handlers/reservation_order_handler.go:41.31,44.3 2 0
restaurant-api/internal/handlers/reservation_order_handler.go:46.2,47.16 2 0
restaurant-api/internal/handlers/reservation_order_handler.go:47.16,50.3 2 0
restaurant-api/internal/handlers/reservation_order_handler.go:51.2,51.19 1 0
restaurant-api/internal/handlers/reservation_order_handler.go:51.19,54.3 2 0
restaurant-api/internal/handlers/reservation_order_handler.go:56.2,57.19 2 0
restaurant-api/internal/handlers/reservation_order_handler.go:57.19,60.3 2 0
restaurant-api/internal/handlers/reservation_order_handler.go:62.2,71.51 2 0
restaurant-api/internal/handlers/reservation_order_handler.go:71.51,74.3 2 0
restaurant-api/internal/handlers/reservation_order_handler.go:76.2,76.41 1 0
restaurant-api/internal/handlers/reservation_order_handler.go:86.53,90.38 3 0
restaurant-api/internal/handlers/reservation_order_handler.go:90.38,93.3 2 0
restaurant-api/internal/handlers/reservation_order_handler.go:95.2,96.19 2 0
restaurant-api/internal/handlers/reservation_order_handler.go:96.19,99.3 2 0
restaurant-api/internal/handlers/reservation_order_handler.go:101.2,101.76 1 0
restaurant-api/internal/handlers/reservation_order_handler.go:101.76,104.3 2 0
restaurant-api/internal/handlers/reservation_order_handler.go:106.2,106.42 1 0
restaurant-api/internal/handlers/reservation_order_handler.go:106.42,109.3 2 0
restaurant-api/internal/handlers/reservation_order_handler.go:111.2,111.66 1 0
restaurant-api/internal/handlers/reservation_order_handler.go:120.125,126.2 1 0
restaurant-api/internal/handlers/reservation_order_handler.go:137.47,139.47 2 0
restaurant-api/internal/handlers/reservation_order_handler.go:139.47,142.3 2 0
restaurant-api/internal/handlers/reservation_order_handler.go:144.2,145.31 2 0
restaurant-api/internal/handlers/reservation_order_handler.go:145.31,148.3 2 0
restaurant-api/internal/handlers/reservation_order_handler.go:150.2,151.19 2 0
restaurant-api/internal/handlers/reservation_order_handler.go:151.19,154.3 2 0
restaurant-api/internal/handlers/reservation_order_handler.go:156.2,165.36 3 0
restaurant-api/internal/handlers/reservation_order_handler.go:165.36,167.36 2 0
restaurant-api/internal/handlers/reservation_order_handler.go:167.36,170.4 2 0
restaurant-api/internal/handlers/reservation_order_handler.go:171.3,171.26 1 0
restaurant-api/internal/handlers/reservation_order_handler.go:171.26,174.4 2 0
restaurant-api/internal/handlers/reservation_order_handler.go:176.3,183.5 3 0
restaurant-api/internal/handlers/reservation_order_handler.go:186.2,188.50 2 0
restaurant-api/internal/handlers/reservation_order_handler.go:188.50,191.3 2 0
restaurant-api/internal/handlers/reservation_order_handler.go:193.2,193.35 1 0
restaurant-api/internal/handlers/reservation_order_handler.go:204.44,206.16 2 0
restaurant-api/internal/handlers/reservation_order_handler.go:206.16,209.3 2 0
restaurant-api/internal/handlers/reservation_order_handler.go:210.2,210.18 1 0
restaurant-api/internal/handlers/reservation_order_handler.go:210.18,213.3 2 0
restaurant-api/internal/handlers/reservation_order_handler.go:215.2,216.19 2 0
restaurant-api/internal/handlers/reservation_order_handler.go:216.19,219.3 2 0
restaurant-api/internal/handlers/reservation_order_handler.go:221.2,221.70 1 0
restaurant-api/internal/handlers/reservation_order_handler.go:221.70,224.3 2 0
restaurant-api/internal/handlers/reservation_order_handler.go:226.2,226.30 1 0
restaurant-api/internal/handlers/restaurant_handler.go:16.73,18.2 1 0
restaurant-api/internal/handlers/restaurant_handler.go:29.52,31.47 2 0
restaurant-api/internal/handlers/restaurant_handler.go:31.47,34.3 2 0
restaurant-api/internal/handlers/restaurant_handler.go:36.2,37.19 2 0
restaurant-api/internal/handlers/restaurant_handler.go:37.19,40.3 2 0
restaurant-api/internal/handlers/restaurant_handler.go:42.2,51.44 2 0
restaurant-api/internal/handlers/restaurant_handler.go:51.44,54.3 2 0
restaurant-api/internal/handlers/restaurant_handler.go:56.2,56.34 1 0
restaurant-api/internal/handlers/restaurant_handler.go:66.50,68.16 2 0
restaurant-api/internal/handlers/restaurant_handler.go:68.16,71.3 2 0
restaurant-api/internal/handlers/restaurant_handler.go:73.2,73.24 1 0
restaurant-api/internal/handlers/restaurant_handler.go:73.24,75.3 1 0
restaurant-api/internal/handlers/restaurant_handler.go:77.2,77.36 1 0
restaurant-api/internal/handlers/user_handler.go:16.59,18.2 1 0
restaurant-api/internal/handlers/user_handler.go:30.46,33.19 3 0
restaurant-api/internal/handlers/user_handler.go:33.19,36.3 2 0
restaurant-api/internal/handlers/user_handler.go:38.2,38.60 1 0
restaurant-api/internal/handlers/user_handler.go:38.60,41.3 2 0
restaurant-api/internal/handlers/user_handler.go:43.2,44.47 2 0
restaurant-api/internal/handlers/user_handler.go:44.47,47.3 2 0
restaurant-api/internal/handlers/user_handler.go:49.2,50.16 2 0
restaurant-api/internal/handlers/user_handler.go:50.16,53.3 2 0
restaurant-api/internal/handlers/user_handler.go:54.2,54.17 1 0
restaurant-api/internal/handlers/user_handler.go:54.17,57.3 2 0
restaurant-api/internal/handlers/user_handler.go:59.2,59.29 1 0
restaurant-api/internal/handlers/user_handler.go:69.46,72.19 3 0
restaurant-api/internal/handlers/user_handler.go:72.19,75.3 2 0
restaurant-api/internal/handlers/user_handler.go:77.2,77.60 1 0
restaurant-api/internal/handlers/user_handler.go:77.60,80.3 2 0
restaurant-api/internal/handlers/user_handler.go:82.2,82.46 1 0
restaurant-api/internal/handlers/user_handler.go:82.46,85.3 2 0
restaurant-api/internal/handlers/user_handler.go:87.2,87.32 1 0
restaurant-api/cmd/api/main.go:14.13,20.16 3 0
restaurant-api/cmd/api/main.go:20.16,22.3 1 0
restaurant-api/cmd/api/main.go:23.2,26.53 2 0
restaurant-api/cmd/api/main.go:26.53,28.3 1 0
restaurant-api/cmd/api/main.go:31.2,45.16 9 0
restaurant-api/cmd/api/main.go:45.16,47.3 1 0
restaurant-api/cmd/api/main.go:49.2,50.42 2 0
restaurant-api/cmd/api/main.go:50.42,52.3 1 0
restaurant-api/internal/middleware/middleware.go:14.52,15.30 1 0
restaurant-api/internal/middleware/middleware.go:15.30,17.60 2 0
restaurant-api/internal/middleware/middleware.go:17.60,20.4 2 0
restaurant-api/internal/middleware/middleware.go:22.3,24.17 3 0
restaurant-api/internal/middleware/middleware.go:24.17,27.4 2 0
restaurant-api/internal/middleware/middleware.go:29.3,30.11 2 0
restaurant-api/internal/middleware/middleware.go:34.34,35.30 1 0
restaurant-api/internal/middleware/middleware.go:35.30,37.55 2 0
restaurant-api/internal/middleware/middleware.go:37.55,40.4 2 0
restaurant-api/internal/middleware/middleware.go:41.3,41.11 1 0
restaurant-api/internal/middleware/middleware.go:45.51,47.13 2 0
restaurant-api/internal/middleware/middleware.go:47.13,49.3 1 0
restaurant-api/internal/middleware/middleware.go:50.2,51.9 2 0
restaurant-api/internal/middleware/middleware.go:51.9,53.3 1 0
restaurant-api/internal/middleware/middleware.go:54.2,54.15 1 0
restaurant-api/internal/repository/db.go:12.31,26.16 8 0
restaurant-api/internal/repository/db.go:26.16,28.3 1 0
restaurant-api/internal/repository/db.go:31.2,31.34 1 0
restaurant-api/internal/repository/db.go:31.34,33.3 1 0
restaurant-api/internal/repository/db.go:36.2,41.16 4 0
restaurant-api/internal/repository/db.go:45.38,121.28 2 0
restaurant-api/internal/repository/db.go:121.28,122.39 1 0
restaurant-api/internal/repository/db.go:122.39,124.4 1 0
restaurant-api/internal/repository/db.go:128.2,129.12 2 0
restaurant-api/internal/repository/db.go:133.42,134.34 1 0
restaurant-api/internal/repository/db.go:134.34,136.3 1 0
restaurant-api/internal/repository/db.go:137.2,137.17 1 0
restaurant-api/internal/repository/menu_repository.go:13.52,15.2 1 0
restaurant-api/internal/repository/menu_repository.go:17.58,19.16 2 0
restaurant-api/internal/repository/menu_repository.go:19.16,21.3 1 0
restaurant-api/internal/repository/menu_repository.go:22.2,30.16 3 0
restaurant-api/internal/repository/menu_repository.go:30.16,32.3 1 0
restaurant-api/internal/repository/menu_repository.go:34.2,34.28 1 0
restaurant-api/internal/repository/menu_repository.go:34.28,42.17 3 0
restaurant-api/internal/repository/menu_repository.go:42.17,44.4 1 0
restaurant-api/internal/repository/menu_repository.go:45.3,45.24 1 0
restaurant-api/internal/repository/menu_repository.go:48.2,48.20 1 0
restaurant-api/internal/repository/menu_repository.go:51.68,56.35 3 0
restaurant-api/internal/repository/menu_repository.go:56.35,58.3 1 0
restaurant-api/internal/repository/menu_repository.go:59.2,59.16 1 0
restaurant-api/internal/repository/menu_repository.go:59.16,61.3 1 0
restaurant-api/internal/repository/menu_repository.go:63.2,64.16 2 0
restaurant-api/internal/repository/menu_repository.go:64.16,66.3 1 0
restaurant-api/internal/repository/menu_repository.go:67.2,69.18 2 0
restaurant-api/internal/repository/menu_repository.go:69.18,71.120 2 0
restaurant-api/internal/repository/menu_repository.go:71.120,73.4 1 0
restaurant-api/internal/repository/menu_repository.go:74.3,74.40 1 0
restaurant-api/internal/repository/menu_repository.go:77.2,77.18 1 0
restaurant-api/internal/repository/menu_repository.go:80.97,82.16 2 0
restaurant-api/internal/repository/menu_repository.go:82.16,84.3 1 0
restaurant-api/internal/repository/menu_repository.go:85.2,94.35 4 0
restaurant-api/internal/repository/menu_repository.go:94.35,96.3 1 0
restaurant-api/internal/repository/menu_repository.go:97.2,97.16 1 0
restaurant-api/internal/repository/menu_repository.go:97.16,99.3 1 0
restaurant-api/internal/repository/menu_repository.go:101.2,101.24 1 0
restaurant-api/internal/repository/menu_repository.go:101.24,102.85 1 0
restaurant-api/internal/repository/menu_repository.go:102.85,104.4 1 0
restaurant-api/internal/repository/menu_repository.go:105.3,105.37 1 0
restaurant-api/internal/repository/menu_repository.go:105.37,112.18 3 0
restaurant-api/internal/repository/menu_repository.go:112.18,114.5 1 0
restaurant-api/internal/repository/menu_repository.go:115.4,120.41 6 0
restaurant-api/internal/repository/menu_repository.go:124.2,124.26 1 0
restaurant-api/internal/repository/menu_repository.go:127.50,130.2 2 0
restaurant-api/internal/repository/menu_repository.go:132.76,137.35 3 0
restaurant-api/internal/repository/menu_repository.go:137.35,139.3 1 0
restaurant-api/internal/repository/menu_repository.go:140.2,140.18 1 0
restaurant-api/internal/repository/reservation_order_repository.go:13.66,15.2 1 0
restaurant-api/internal/repository/reservation_order_repository.go:17.71,23.2 2 0
restaurant-api/internal/repository/reservation_order_repository.go:25.82,31.35 3 0
restaurant-api/internal/repository/reservation_order_repository.go:31.35,33.3 1 0
restaurant-api/internal/repository/reservation_order_repository.go:34.2,34.17 1 0
restaurant-api/internal/repository/reservation_order_repository.go:37.57,40.2 2 0
restaurant-api/internal/repository/reservation_order_repository.go:42.100,45.16 3 0
restaurant-api/internal/repository/reservation_order_repository.go:45.16,47.3 1 0
restaurant-api/internal/repository/reservation_order_repository.go:48.2,48.34 1 0
restaurant-api/internal/repository/reservation_order_repository.go:57.54,59.2 1 0
restaurant-api/internal/repository/reservation_order_repository.go:61.61,63.16 2 0
restaurant-api/internal/repository/reservation_order_repository.go:63.16,65.3 1 0
restaurant-api/internal/repository/reservation_order_repository.go:66.2,74.16 3 0
restaurant-api/internal/repository/reservation_order_repository.go:74.16,76.3 1 0
restaurant-api/internal/repository/reservation_order_repository.go:78.2,78.29 1 0
restaurant-api/internal/repository/reservation_order_repository.go:78.29,85.17 3 0
restaurant-api/internal/repository/reservation_order_repository.go:85.17,87.4 1 0
restaurant-api/internal/repository/reservation_order_repository.go:88.3,88.26 1 0
restaurant-api/internal/repository/reservation_order_repository.go:91.2,91.20 1 0
restaurant-api/internal/repository/reservation_order_repository.go:94.70,101.35 3 0
restaurant-api/internal/repository/reservation_order_repository.go:101.35,103.3 1 0
restaurant-api/internal/repository/reservation_order_repository.go:104.2,104.16 1 0
restaurant-api/internal/repository/reservation_order_repository.go:104.16,106.3 1 0
restaurant-api/internal/repository/reservation_order_repository.go:108.2,111.16 2 0
restaurant-api/internal/repository/reservation_order_repository.go:111.16,113.3 1 0
restaurant-api/internal/repository/reservation_order_repository.go:114.2,116.18 2 0
restaurant-api/internal/repository/reservation_order_repository.go:116.18,118.107 2 0
restaurant-api/internal/repository/reservation_order_repository.go:118.107,120.4 1 0
restaurant-api/internal/repository/reservation_order_repository.go:121.3,121.42 1 0
restaurant-api/internal/repository/reservation_order_repository.go:124.2,124.19 1 0
restaurant-api/internal/repository/restaurant_repository.go:13.64,15.2 1 0
restaurant-api/internal/repository/restaurant_repository.go:17.70,23.2 2 0
restaurant-api/internal/repository/restaurant_repository.go:25.71,27.16 2 0
restaurant-api/internal/repository/restaurant_repository.go:27.16,29.3 1 0
restaurant-api/internal/repository/restaurant_repository.go:30.2,33.18 3 0
restaurant-api/internal/repository/restaurant_repository.go:33.18,36.81 2 0
restaurant-api/internal/repository/restaurant_repository.go:36.81,38.4 1 0
restaurant-api/internal/repository/restaurant_repository.go:39.3,39.42 1 0
restaurant-api/internal/repository/restaurant_repository.go:41.2,41.25 1 0
restaurant-api/internal/repository/restaurant_repository.go:44.80,49.35 3 0
restaurant-api/internal/repository/restaurant_repository.go:49.35,51.3 1 0
restaurant-api/internal/repository/restaurant_repository.go:52.2,52.18 1 0
restaurant-api/internal/repository/user_repository.go:13.52,15.2 1 0
restaurant-api/internal/repository/user_repository.go:17.58,23.2 2 0
restaurant-api/internal/repository/user_repository.go:26.74,37.35 4 0
restaurant-api/internal/repository/user_repository.go:37.35,39.3 1 0
restaurant-api/internal/repository/user_repository.go:41.2,41.18 1 0
restaurant-api/internal/repository/user_repository.go:44.68,51.35 4 0
restaurant-api/internal/repository/user_repository.go:51.35,53.3 1 0
restaurant-api/internal/repository/user_repository.go:54.2,54.18 1 0
restaurant-api/internal/repository/user_repository.go:57.97,65.35 4 0
restaurant-api/internal/repository/user_repository.go:65.35,67.3 1 0
restaurant-api/internal/repository/user_repository.go:68.2,68.18 1 0
restaurant-api/internal/repository/user_repository.go:71.50,74.2 2 0
restaurant-api/internal/auth/jwt.go:19.34,21.18 2 0
restaurant-api/internal/auth/jwt.go:21.18,23.3 1 0
restaurant-api/internal/auth/jwt.go:24.2,27.3 1 0
restaurant-api/internal/auth/jwt.go:37.71,50.2 3 0
restaurant-api/internal/auth/jwt.go:52.77,53.100 1 0
restaurant-api/internal/auth/jwt.go:53.100,54.54 1 0
restaurant-api/internal/auth/jwt.go:54.54,56.4 1 0
restaurant-api/internal/auth/jwt.go:57.3,57.23 1 0
restaurant-api/internal/auth/jwt.go:59.2,59.32 1 0
restaurant-api/internal/auth/jwt.go:59.32,61.3 1 0
restaurant-api/internal/auth/jwt.go:63.2,64.9 2 0
restaurant-api/internal/auth/jwt.go:64.9,66.3 1 0
restaurant-api/internal/auth/jwt.go:68.2,72.8 1 0
restaurant-api/cmd/api/main.go:14.13,20.16 3 0
restaurant-api/cmd/api/main.go:20.16,22.3 1 0
restaurant-api/cmd/api/main.go:23.2,26.53 2 0
restaurant-api/cmd/api/main.go:26.53,28.3 1 0
restaurant-api/cmd/api/main.go:31.2,45.16 9 0
restaurant-api/cmd/api/main.go:45.16,47.3 1 0
restaurant-api/cmd/api/main.go:49.2,50.42 2 0
restaurant-api/cmd/api/main.go:50.42,52.3 1 0
restaurant-api/internal/auth/jwt.go:19.34,21.18 2 1
restaurant-api/internal/auth/jwt.go:21.18,23.3 1 1
restaurant-api/internal/auth/jwt.go:24.2,27.3 1 1
restaurant-api/internal/auth/jwt.go:37.71,50.2 3 1
restaurant-api/internal/auth/jwt.go:52.77,53.100 1 1
restaurant-api/internal/auth/jwt.go:53.100,54.54 1 1
restaurant-api/internal/auth/jwt.go:54.54,56.4 1 0
restaurant-api/internal/auth/jwt.go:57.3,57.23 1 1
restaurant-api/internal/auth/jwt.go:59.2,59.32 1 1
restaurant-api/internal/auth/jwt.go:59.32,61.3 1 1
restaurant-api/internal/auth/jwt.go:63.2,64.9 2 1
restaurant-api/internal/auth/jwt.go:64.9,66.3 1 0
restaurant-api/internal/auth/jwt.go:68.2,72.8 1 1
restaurant-api/internal/handlers/auth_handler.go:19.84,24.2 1 1
restaurant-api/internal/handlers/auth_handler.go:34.48,36.47 2 1
restaurant-api/internal/handlers/auth_handler.go:36.47,39.3 2 0
restaurant-api/internal/handlers/auth_handler.go:41.2,42.16 2 1
restaurant-api/internal/handlers/auth_handler.go:42.16,45.3 2 0
restaurant-api/internal/handlers/auth_handler.go:46.2,46.21 1 1
restaurant-api/internal/handlers/auth_handler.go:46.21,49.3 2 1
restaurant-api/internal/handlers/auth_handler.go:51.2,52.16 2 1
restaurant-api/internal/handlers/auth_handler.go:52.16,55.3 2 0
restaurant-api/internal/handlers/auth_handler.go:57.2,64.48 2 1
restaurant-api/internal/handlers/auth_handler.go:64.48,67.3 2 0
restaurant-api/internal/handlers/auth_handler.go:69.2,70.16 2 1
restaurant-api/internal/handlers/auth_handler.go:70.16,73.3 2 0
restaurant-api/internal/handlers/auth_handler.go:75.2,78.4 1 1
restaurant-api/internal/handlers/auth_handler.go:89.45,91.47 2 1
restaurant-api/internal/handlers/auth_handler.go:91.47,94.3 2 0
restaurant-api/internal/handlers/auth_handler.go:96.2,97.16 2 1
restaurant-api/internal/handlers/auth_handler.go:97.16,100.3 2 0
restaurant-api/internal/handlers/auth_handler.go:101.2,101.17 1 1
restaurant-api/internal/handlers/auth_handler.go:101.17,104.3 2 0
restaurant-api/internal/handlers/auth_handler.go:106.2,106.99 1 1
restaurant-api/internal/handlers/auth_handler.go:106.99,109.3 2 1
restaurant-api/internal/handlers/auth_handler.go:111.2,112.16 2 1
restaurant-api/internal/handlers/auth_handler.go:112.16,115.3 2 0
restaurant-api/internal/handlers/auth_handler.go:117.2,120.4 1 1
restaurant-api/internal/handlers/auth_handler.go:130.42,132.19 2 0
restaurant-api/internal/handlers/auth_handler.go:132.19,135.3 2 0
restaurant-api/internal/handlers/auth_handler.go:137.2,138.31 2 0
restaurant-api/internal/handlers/auth_handler.go:138.31,141.3 2 0
restaurant-api/internal/handlers/auth_handler.go:143.2,143.29 1 0
restaurant-api/internal/handlers/menu_handler.go:16.96,21.2 1 0
restaurant-api/internal/handlers/menu_handler.go:32.46,34.47 2 0
restaurant-api/internal/handlers/menu_handler.go:34.47,37.3 2 0
restaurant-api/internal/handlers/menu_handler.go:39.2,40.16 2 0
restaurant-api/internal/handlers/menu_handler.go:40.16,43.3 2 0
restaurant-api/internal/handlers/menu_handler.go:44.2,44.17 1 0
restaurant-api/internal/handlers/menu_handler.go:44.17,47.3 2 0
restaurant-api/internal/handlers/menu_handler.go:49.2,55.33 2 0
restaurant-api/internal/handlers/menu_handler.go:55.33,62.3 1 0
restaurant-api/internal/handlers/menu_handler.go:64.2,64.48 1 0
restaurant-api/internal/handlers/menu_handler.go:64.48,67.3 2 0
restaurant-api/internal/handlers/menu_handler.go:69.2,69.34 1 0
restaurant-api/internal/handlers/menu_handler.go:80.43,82.16 2 0
restaurant-api/internal/handlers/menu_handler.go:82.16,85.3 2 0
restaurant-api/internal/handlers/menu_handler.go:86.2,86.17 1 0
restaurant-api/internal/handlers/menu_handler.go:86.17,89.3 2 0
restaurant-api/internal/handlers/menu_handler.go:91.2,91.29 1 0
restaurant-api/internal/handlers/menu_handler.go:104.46,106.47 2 0
restaurant-api/internal/handlers/menu_handler.go:106.47,109.3 2 0
restaurant-api/internal/handlers/menu_handler.go:111.2,112.16 2 0
restaurant-api/internal/handlers/menu_handler.go:112.16,115.3 2 0
restaurant-api/internal/handlers/menu_handler.go:116.2,116.17 1 0
restaurant-api/internal/handlers/menu_handler.go:116.17,119.3 2 0
restaurant-api/internal/handlers/menu_handler.go:121.2,121.29 1 0
restaurant-api/internal/handlers/menu_handler.go:131.46,132.57 1 0
restaurant-api/internal/handlers/menu_handler.go:132.57,135.3 2 0
restaurant-api/internal/handlers/menu_handler.go:137.2,137.32 1 0
restaurant-api/internal/handlers/reservation_order_handler.go:17.113,22.2 1 0
restaurant-api/internal/handlers/reservation_order_handler.go:33.53,35.47 2 0
restaurant-api/internal/handlers/reservation_order_handler.go:35.47,38.3 2 0
restaurant-api/internal/handlers/reservation_order_handler.go:40.2,41.31 2 0
restaurant-api/internal/handlers/reservation_order_handler.go:41.31,44.3 2 0
restaurant-api/internal/handlers/reservation_order_handler.go:46.2,47.16 2 0
restaurant-api/internal/handlers/reservation_order_handler.go:47.16,50.3 2 0
restaurant-api/internal/handlers/reservation_order_handler.go:51.2,51.19 1 0
restaurant-api/internal/handlers/reservation_order_handler.go:51.19,54.3 2 0
restaurant-api/internal/handlers/reservation_order_handler.go:56.2,57.19 2 0
restaurant-api/internal/handlers/reservation_order_handler.go:57.19,60.3 2 0
restaurant-api/internal/handlers/reservation_order_handler.go:62.2,71.51 2 0
restaurant-api/internal/handlers/reservation_order_handler.go:71.51,74.3 2 0
restaurant-api/internal/handlers/reservation_order_handler.go:76.2,76.41 1 0
restaurant-api/internal/handlers/reservation_order_handler.go:86.53,90.38 3 0
restaurant-api/internal/handlers/reservation_order_handler.go:90.38,93.3 2 0
restaurant-api/internal/handlers/reservation_order_handler.go:95.2,96.19 2 0
restaurant-api/internal/handlers/reservation_order_handler.go:96.19,99.3 2 0
restaurant-api/internal/handlers/reservation_order_handler.go:101.2,101.76 1 0
restaurant-api/internal/handlers/reservation_order_handler.go:101.76,104.3 2 0
restaurant-api/internal/handlers/reservation_order_handler.go:106.2,106.42 1 0
restaurant-api/internal/handlers/reservation_order_handler.go:106.42,109.3 2 0
restaurant-api/internal/handlers/reservation_order_handler.go:111.2,111.66 1 0
restaurant-api/internal/handlers/reservation_order_handler.go:120.125,126.2 1 0
restaurant-api/internal/handlers/reservation_order_handler.go:137.47,139.47 2 0
restaurant-api/internal/handlers/reservation_order_handler.go:139.47,142.3 2 0
restaurant-api/internal/handlers/reservation_order_handler.go:144.2,145.31 2 0
restaurant-api/internal/handlers/reservation_order_handler.go:145.31,148.3 2 0
restaurant-api/internal/handlers/reservation_order_handler.go:150.2,151.19 2 0
restaurant-api/internal/handlers/reservation_order_handler.go:151.19,154.3 2 0
restaurant-api/internal/handlers/reservation_order_handler.go:156.2,165.36 3 0
restaurant-api/internal/handlers/reservation_order_handler.go:165.36,167.36 2 0
restaurant-api/internal/handlers/reservation_order_handler.go:167.36,170.4 2 0
restaurant-api/internal/handlers/reservation_order_handler.go:171.3,171.26 1 0
restaurant-api/internal/handlers/reservation_order_handler.go:171.26,174.4 2 0
restaurant-api/internal/handlers/reservation_order_handler.go:176.3,183.5 3 0
restaurant-api/internal/handlers/reservation_order_handler.go:186.2,188.50 2 0
restaurant-api/internal/handlers/reservation_order_handler.go:188.50,191.3 2 0
restaurant-api/internal/handlers/reservation_order_handler.go:193.2,193.35 1 0
restaurant-api/internal/handlers/reservation_order_handler.go:204.44,206.16 2 0
restaurant-api/internal/handlers/reservation_order_handler.go:206.16,209.3 2 0
restaurant-api/internal/handlers/reservation_order_handler.go:210.2,210.18 1 0
restaurant-api/internal/handlers/reservation_order_handler.go:210.18,213.3 2 0
restaurant-api/internal/handlers/reservation_order_handler.go:215.2,216.19 2 0
restaurant-api/internal/handlers/reservation_order_handler.go:216.19,219.3 2 0
restaurant-api/internal/handlers/reservation_order_handler.go:221.2,221.70 1 0
restaurant-api/internal/handlers/reservation_order_handler.go:221.70,224.3 2 0
restaurant-api/internal/handlers/reservation_order_handler.go:226.2,226.30 1 0
restaurant-api/internal/handlers/restaurant_handler.go:16.73,18.2 1 0
restaurant-api/internal/handlers/restaurant_handler.go:29.52,31.47 2 0
restaurant-api/internal/handlers/restaurant_handler.go:31.47,34.3 2 0
restaurant-api/internal/handlers/restaurant_handler.go:36.2,37.19 2 0
restaurant-api/internal/handlers/restaurant_handler.go:37.19,40.3 2 0
restaurant-api/internal/handlers/restaurant_handler.go:42.2,51.44 2 0
restaurant-api/internal/handlers/restaurant_handler.go:51.44,54.3 2 0
restaurant-api/internal/handlers/restaurant_handler.go:56.2,56.34 1 0
restaurant-api/internal/handlers/restaurant_handler.go:66.50,68.16 2 0
restaurant-api/internal/handlers/restaurant_handler.go:68.16,71.3 2 0
restaurant-api/internal/handlers/restaurant_handler.go:73.2,73.24 1 0
restaurant-api/internal/handlers/restaurant_handler.go:73.24,75.3 1 0
restaurant-api/internal/handlers/restaurant_handler.go:77.2,77.36 1 0
restaurant-api/internal/handlers/user_handler.go:16.59,18.2 1 1
restaurant-api/internal/handlers/user_handler.go:30.46,33.19 3 1
restaurant-api/internal/handlers/user_handler.go:33.19,36.3 2 0
restaurant-api/internal/handlers/user_handler.go:38.2,38.60 1 1
restaurant-api/internal/handlers/user_handler.go:38.60,41.3 2 1
restaurant-api/internal/handlers/user_handler.go:43.2,44.47 2 1
restaurant-api/internal/handlers/user_handler.go:44.47,47.3 2 0
restaurant-api/internal/handlers/user_handler.go:49.2,50.16 2 1
restaurant-api/internal/handlers/user_handler.go:50.16,53.3 2 0
restaurant-api/internal/handlers/user_handler.go:54.2,54.17 1 1
restaurant-api/internal/handlers/user_handler.go:54.17,57.3 2 0
restaurant-api/internal/handlers/user_handler.go:59.2,59.29 1 1
restaurant-api/internal/handlers/user_handler.go:69.46,72.19 3 1
restaurant-api/internal/handlers/user_handler.go:72.19,75.3 2 0
restaurant-api/internal/handlers/user_handler.go:77.2,77.60 1 1
restaurant-api/internal/handlers/user_handler.go:77.60,80.3 2 1
restaurant-api/internal/handlers/user_handler.go:82.2,82.46 1 1
restaurant-api/internal/handlers/user_handler.go:82.46,85.3 2 0
restaurant-api/internal/handlers/user_handler.go:87.2,87.32 1 1
restaurant-api/internal/middleware/middleware.go:14.52,15.30 1 0
restaurant-api/internal/middleware/middleware.go:15.30,17.60 2 0
restaurant-api/internal/middleware/middleware.go:17.60,20.4 2 0
restaurant-api/internal/middleware/middleware.go:22.3,24.17 3 0
restaurant-api/internal/middleware/middleware.go:24.17,27.4 2 0
restaurant-api/internal/middleware/middleware.go:29.3,30.11 2 0
restaurant-api/internal/middleware/middleware.go:34.34,35.30 1 0
restaurant-api/internal/middleware/middleware.go:35.30,37.55 2 0
restaurant-api/internal/middleware/middleware.go:37.55,40.4 2 0
restaurant-api/internal/middleware/middleware.go:41.3,41.11 1 0
restaurant-api/internal/middleware/middleware.go:45.51,47.13 2 1
restaurant-api/internal/middleware/middleware.go:47.13,49.3 1 0
restaurant-api/internal/middleware/middleware.go:50.2,51.9 2 1
restaurant-api/internal/middleware/middleware.go:51.9,53.3 1 0
restaurant-api/internal/middleware/middleware.go:54.2,54.15 1 1
restaurant-api/internal/repository/db.go:12.31,26.16 8 0
restaurant-api/internal/repository/db.go:26.16,28.3 1 0
restaurant-api/internal/repository/db.go:31.2,31.34 1 0
restaurant-api/internal/repository/db.go:31.34,33.3 1 0
restaurant-api/internal/repository/db.go:36.2,41.16 4 0
restaurant-api/internal/repository/db.go:45.38,121.28 2 0
restaurant-api/internal/repository/db.go:121.28,122.39 1 0
restaurant-api/internal/repository/db.go:122.39,124.4 1 0
restaurant-api/internal/repository/db.go:128.2,129.12 2 0
restaurant-api/internal/repository/db.go:133.42,134.34 1 0
restaurant-api/internal/repository/db.go:134.34,136.3 1 0
restaurant-api/internal/repository/db.go:137.2,137.17 1 0
restaurant-api/internal/repository/menu_repository.go:13.52,15.2 1 0
restaurant-api/internal/repository/menu_repository.go:17.58,19.16 2 0
restaurant-api/internal/repository/menu_repository.go:19.16,21.3 1 0
restaurant-api/internal/repository/menu_repository.go:22.2,30.16 3 0
restaurant-api/internal/repository/menu_repository.go:30.16,32.3 1 0
restaurant-api/internal/repository/menu_repository.go:34.2,34.28 1 0
restaurant-api/internal/repository/menu_repository.go:34.28,42.17 3 0
restaurant-api/internal/repository/menu_repository.go:42.17,44.4 1 0
restaurant-api/internal/repository/menu_repository.go:45.3,45.24 1 0
restaurant-api/internal/repository/menu_repository.go:48.2,48.20 1 0
restaurant-api/internal/repository/menu_repository.go:51.68,56.35 3 0
restaurant-api/internal/repository/menu_repository.go:56.35,58.3 1 0
restaurant-api/internal/repository/menu_repository.go:59.2,59.16 1 0
restaurant-api/internal/repository/menu_repository.go:59.16,61.3 1 0
restaurant-api/internal/repository/menu_repository.go:63.2,64.16 2 0
restaurant-api/internal/repository/menu_repository.go:64.16,66.3 1 0
restaurant-api/internal/repository/menu_repository.go:67.2,69.18 2 0
restaurant-api/internal/repository/menu_repository.go:69.18,71.120 2 0
restaurant-api/internal/repository/menu_repository.go:71.120,73.4 1 0
restaurant-api/internal/repository/menu_repository.go:74.3,74.40 1 0
restaurant-api/internal/repository/menu_repository.go:77.2,77.18 1 0
restaurant-api/internal/repository/menu_repository.go:80.97,82.16 2 0
restaurant-api/internal/repository/menu_repository.go:82.16,84.3 1 0
restaurant-api/internal/repository/menu_repository.go:85.2,94.35 4 0
restaurant-api/internal/repository/menu_repository.go:94.35,96.3 1 0
restaurant-api/internal/repository/menu_repository.go:97.2,97.16 1 0
restaurant-api/internal/repository/menu_repository.go:97.16,99.3 1 0
restaurant-api/internal/repository/menu_repository.go:101.2,101.24 1 0
restaurant-api/internal/repository/menu_repository.go:101.24,102.85 1 0
restaurant-api/internal/repository/menu_repository.go:102.85,104.4 1 0
restaurant-api/internal/repository/menu_repository.go:105.3,105.37 1 0
restaurant-api/internal/repository/menu_repository.go:105.37,112.18 3 0
restaurant-api/internal/repository/menu_repository.go:112.18,114.5 1 0
restaurant-api/internal/repository/menu_repository.go:115.4,120.41 6 0
restaurant-api/internal/repository/menu_repository.go:124.2,124.26 1 0
restaurant-api/internal/repository/menu_repository.go:127.50,130.2 2 0
restaurant-api/internal/repository/menu_repository.go:132.76,137.35 3 0
restaurant-api/internal/repository/menu_repository.go:137.35,139.3 1 0
restaurant-api/internal/repository/menu_repository.go:140.2,140.18 1 0
restaurant-api/internal/repository/reservation_order_repository.go:13.66,15.2 1 0
restaurant-api/internal/repository/reservation_order_repository.go:17.71,23.2 2 0
restaurant-api/internal/repository/reservation_order_repository.go:25.82,31.35 3 0
restaurant-api/internal/repository/reservation_order_repository.go:31.35,33.3 1 0
restaurant-api/internal/repository/reservation_order_repository.go:34.2,34.17 1 0
restaurant-api/internal/repository/reservation_order_repository.go:37.57,40.2 2 0
restaurant-api/internal/repository/reservation_order_repository.go:42.100,45.16 3 0
restaurant-api/internal/repository/reservation_order_repository.go:45.16,47.3 1 0
restaurant-api/internal/repository/reservation_order_repository.go:48.2,48.34 1 0
restaurant-api/internal/repository/reservation_order_repository.go:57.54,59.2 1 0
restaurant-api/internal/repository/reservation_order_repository.go:61.61,63.16 2 0
restaurant-api/internal/repository/reservation_order_repository.go:63.16,65.3 1 0
restaurant-api/internal/repository/reservation_order_repository.go:66.2,74.16 3 0
restaurant-api/internal/repository/reservation_order_repository.go:74.16,76.3 1 0
restaurant-api/internal/repository/reservation_order_repository.go:78.2,78.29 1 0
restaurant-api/internal/repository/reservation_order_repository.go:78.29,85.17 3 0
restaurant-api/internal/repository/reservation_order_repository.go:85.17,87.4 1 0
restaurant-api/internal/repository/reservation_order_repository.go:88.3,88.26 1 0
restaurant-api/internal/repository/reservation_order_repository.go:91.2,91.20 1 0
restaurant-api/internal/repository/reservation_order_repository.go:94.70,101.35 3 0
restaurant-api/internal/repository/reservation_order_repository.go:101.35,103.3 1 0
restaurant-api/internal/repository/reservation_order_repository.go:104.2,104.16 1 0
restaurant-api/internal/repository/reservation_order_repository.go:104.16,106.3 1 0
restaurant-api/internal/repository/reservation_order_repository.go:108.2,111.16 2 0
restaurant-api/internal/repository/reservation_order_repository.go:111.16,113.3 1 0
restaurant-api/internal/repository/reservation_order_repository.go:114.2,116.18 2 0
restaurant-api/internal/repository/reservation_order_repository.go:116.18,118.107 2 0
restaurant-api/internal/repository/reservation_order_repository.go:118.107,120.4 1 0
restaurant-api/internal/repository/reservation_order_repository.go:121.3,121.42 1 0
restaurant-api/internal/repository/reservation_order_repository.go:124.2,124.19 1 0
restaurant-api/internal/repository/restaurant_repository.go:13.64,15.2 1 0
restaurant-api/internal/repository/restaurant_repository.go:17.70,23.2 2 0
restaurant-api/internal/repository/restaurant_repository.go:25.71,27.16 2 0
restaurant-api/internal/repository/restaurant_repository.go:27.16,29.3 1 0
restaurant-api/internal/repository/restaurant_repository.go:30.2,33.18 3 0
restaurant-api/internal/repository/restaurant_repository.go:33.18,36.81 2 0
restaurant-api/internal/repository/restaurant_repository.go:36.81,38.4 1 0
restaurant-api/internal/repository/restaurant_repository.go:39.3,39.42 1 0
restaurant-api/internal/repository/restaurant_repository.go:41.2,41.25 1 0
restaurant-api/internal/repository/restaurant_repository.go:44.80,49.35 3 0
restaurant-api/internal/repository/restaurant_repository.go:49.35,51.3 1 0
restaurant-api/internal/repository/restaurant_repository.go:52.2,52.18 1 0
restaurant-api/internal/repository/user_repository.go:13.52,15.2 1 0
restaurant-api/internal/repository/user_repository.go:17.58,23.2 2 0
restaurant-api/internal/repository/user_repository.go:26.74,37.35 4 0
restaurant-api/internal/repository/user_repository.go:37.35,39.3 1 0
restaurant-api/internal/repository/user_repository.go:41.2,41.18 1 0
restaurant-api/internal/repository/user_repository.go:44.68,51.35 4 0
restaurant-api/internal/repository/user_repository.go:51.35,53.3 1 0
restaurant-api/internal/repository/user_repository.go:54.2,54.18 1 0
restaurant-api/internal/repository/user_repository.go:57.97,65.35 4 0
restaurant-api/internal/repository/user_repository.go:65.35,67.3 1 0
restaurant-api/internal/repository/user_repository.go:68.2,68.18 1 0
restaurant-api/internal/repository/user_repository.go:71.50,74.2 2 0
restaurant-api/internal/router/router.go:19.15,22.40 2 0
restaurant-api/internal/router/router.go:22.40,24.3 1 0
restaurant-api/internal/router/router.go:26.2,38.2 11 0
restaurant-api/internal/router/router.go:38.2,56.3 13 0
restaurant-api/internal/router/router.go:58.2,58.10 1 0
